TrinityCore rev. b536709110e1+ 2023-06-10 18:29:54 +0200 (develop branch) (Unix, Debug, Static) (authserver)
<Ctrl-C> to stop.

 ______                       __
/\__  _\       __          __/\ \__
\/_/\ \/ _ __ /\_\    ___ /\_\ \, _\  __  __
   \ \ \/\`'__\/\ \ /' _ `\/\ \ \ \/ /\ \/\ \
    \ \ \ \ \/ \ \ \/\ \/\ \ \ \ \ \_\ \ \_\ \
     \ \_\ \_\  \ \_\ \_\ \_\ \_\ \__\\/`____ \
      \/_/\/_/   \/_/\/_/\/_/\/_/\/__/ `/___/> \
                                 C O R E  /\___/
http://TrinityCore.org                    \/__/

Using configuration file src/server/authserver/authserver.conf.
Using SSL version: OpenSSL 1.1.1f  31 Mar 2020 (library: OpenSSL 1.1.1f  31 Mar 2020)
Using Boost version: 1.71.0
Automatic database updates are disabled for all databases!
Opening DatabasePool 'auth'. Asynchronous connections: 1, synchronous connections: 1.
MySQL client library: 8.0.33
MySQL server ver: 5.7.41 
Connected to MySQL database at 127.0.0.1
MySQL client library: 8.0.33
MySQL server ver: 5.7.41 
Connected to MySQL database at 127.0.0.1
DatabasePool 'auth' opened successfully. 2 total connections running.
Started auth database connection pool.
Loading IP Location Database...
Added realm "Trinity" at 127.0.0.1:8085.
Ping MySQL to keep connection alive
