TrinityCore rev. 0910258e0aa5+ 2023-06-05 22:50:12 +0200 (3.3.5 branch) (Unix, Debug, Static) (worldserver-daemon)
<Ctrl-C> to stop.

 ______                       __
/\__  _\       __          __/\ \__
\/_/\ \/ _ __ /\_\    ___ /\_\ \, _\  __  __
   \ \ \/\`'__\/\ \ /' _ `\/\ \ \ \/ /\ \/\ \
    \ \ \ \ \/ \ \ \/\ \/\ \ \ \ \ \_\ \ \_\ \
     \ \_\ \_\  \ \_\ \_\ \_\ \_\ \__\\/`____ \
      \/_/\/_/   \/_/\/_/\/_/\/_/\/__/ `/___/> \
                                 C O R E  /\___/
http://TrinityCore.org                    \/__/

Using configuration file src/server/worldserver/worldserver.conf.
Using SSL version: OpenSSL 1.1.1f  31 Mar 2020 (library: OpenSSL 1.1.1f  31 Mar 2020)
Using Boost version: 1.71.0
Updating Auth database...
>> Auth database is up-to-date! Containing 4 new and 103 archived updates.
Updating Character database...
>> Character database is up-to-date! Containing 4 new and 77 archived updates.
Updating World database...
>> World database is up-to-date! Containing 38 new and 6339 archived updates.
Realm running as realm ID 1
Using World DB: TDB 335.23011
Will clear `logs` table of entries older than 1209600 seconds every 10 minutes.
Client cache version set to: 23011
Using DataDir /home/alekitto/projects/enturion/client_data/
WORLD: MMap data directory is: /home/alekitto/projects/enturion/client_data/mmaps
VMap support included. LineOfSight: 1, getHeight: 1, indoorCheck: 1
VMap data directory is: /home/alekitto/projects/enturion/client_data/vmaps
Loading Trinity strings...
>> Loaded 1020 trinity strings in 5 ms
Initialize data stores...
